<?xml version="1.0" encoding="UTF-8"?>
<!-- Generated by org.testng.reporters.JUnitReportReporter -->
<testsuite hostname="DESKTOP-6D4U7R4" failures="0" tests="1" name="com.apitesting.TC001_GET_Request" time="2.758" errors="0" timestamp="2021-12-08T09:50:49 IST" skipped="0">
  <testcase classname="com.apitesting.TC001_GET_Request" name="getStudentData" time="2.758"/>
  <system-out/>
</testsuite> <!-- com.apitesting.TC001_GET_Request -->
