<?xml version="1.0" encoding="UTF-8"?>
<!-- Generated by org.testng.reporters.JUnitReportReporter -->
<testsuite hostname="DESKTOP-6D4U7R4" failures="0" tests="1" name="com.apitesting.TC002_POST_Request" time="3.764" errors="0" timestamp="2021-12-07T15:45:23 IST" skipped="0">
  <testcase classname="com.apitesting.TC002_POST_Request" name="createNewStudent" time="3.764"/>
  <system-out/>
</testsuite> <!-- com.apitesting.TC002_POST_Request -->
